[05-Dec-2013 20:58:27 UTC] PHP Fatal error:  Uncaught exception 'Exception' with message 'read action failed to run. (ServantInput property "formats" is missing a setter)' in /Users/jjappinen/Development/servant/backend/core/classes/ServantObject.php:205
Stack trace:
#0 /Users/jjappinen/Development/servant/backend/core/classes/objects/ServantResponse.php(135): ServantObject->fail('read action fai...')
#1 /Users/jjappinen/Development/servant/backend/core/classes/objects/ServantResponse.php(38): ServantResponse->setBody()
#2 [internal function]: ServantResponse->initialize(Array, Array, Array, Array, Array)
#3 /Users/jjappinen/Development/servant/backend/core/classes/ServantObject.php(101): call_user_func_array(Array, Array)
#4 [internal function]: ServantObject->init(Array, Array, Array, Array, Array)
#5 /Users/jjappinen/Development/servant/backend/core/classes/ServantObject.php(40): call_user_func_array(Array, Array)
#6 [internal function]: ServantObject->generate('response', Array, Array, Array, Array, Array)
#7 /Users/jjappinen/Development/servant/bac in /Users/jjappinen/Development/servant/backend/core/classes/ServantObject.php on line 205
[05-Dec-2013 20:58:46 UTC] PHP Fatal error:  Uncaught exception 'Exception' with message 'read action failed to run. (ServantInput property "formats" is missing a setter)' in /Users/jjappinen/Development/servant/backend/core/classes/ServantObject.php:205
Stack trace:
#0 /Users/jjappinen/Development/servant/backend/core/classes/objects/ServantResponse.php(135): ServantObject->fail('read action fai...')
#1 /Users/jjappinen/Development/servant/backend/core/classes/objects/ServantResponse.php(38): ServantResponse->setBody()
#2 [internal function]: ServantResponse->initialize(Array, Array, Array, Array, Array)
#3 /Users/jjappinen/Development/servant/backend/core/classes/ServantObject.php(101): call_user_func_array(Array, Array)
#4 [internal function]: ServantObject->init(Array, Array, Array, Array, Array)
#5 /Users/jjappinen/Development/servant/backend/core/classes/ServantObject.php(40): call_user_func_array(Array, Array)
#6 [internal function]: ServantObject->generate('response', Array, Array, Array, Array, Array)
#7 /Users/jjappinen/Development/servant/bac in /Users/jjappinen/Development/servant/backend/core/classes/ServantObject.php on line 205
[05-Dec-2013 21:43:08 UTC] PHP Fatal error:  Uncaught exception 'Exception' with message 'error action failed to run. (Invalid input provided for action (id required).)' in /Users/jjappinen/Development/servant/backend/core/classes/ServantObject.php:205
Stack trace:
#0 /Users/jjappinen/Development/servant/backend/core/classes/services/ServantMain.php(113): ServantObject->fail('error action fa...')
#1 /Users/jjappinen/Development/servant/backend/index.php(110): ServantMain->response(Array, Array, Array, Array, Array)
#2 [internal function]: Index->run()
#3 /Users/jjappinen/Development/servant/backend/index.php(41): call_user_func(Array)
#4 /Users/jjappinen/Development/servant/backend/index.php(123): Index->__construct('core/debug.php', 'core/errors.php', 'core/helpers/', 'core/classes/', 'paths.php', 'constants/')
#5 {main}
  thrown in /Users/jjappinen/Development/servant/backend/core/classes/ServantObject.php on line 205
[05-Dec-2013 22:06:04 UTC] PHP Warning:  Missing argument 1 for ServantAction::setPage(), called in /Users/jjappinen/Development/servant/backend/core/classes/objects/ServantAction.php on line 50 and defined in /Users/jjappinen/Development/servant/backend/core/classes/objects/ServantAction.php on line 223
[05-Dec-2013 22:06:04 UTC] PHP Warning:  Missing argument 1 for ServantAction::setPage(), called in /Users/jjappinen/Development/servant/backend/core/classes/objects/ServantAction.php on line 50 and defined in /Users/jjappinen/Development/servant/backend/core/classes/objects/ServantAction.php on line 223
[05-Dec-2013 22:06:04 UTC] PHP Warning:  Cannot modify header information - headers already sent by (output started at /Users/jjappinen/Development/servant/backend/core/classes/objects/ServantAction.php:223) in /Users/jjappinen/Development/servant/backend/core/classes/services/ServantMain.php on line 130
[05-Dec-2013 22:06:04 UTC] PHP Warning:  Cannot modify header information - headers already sent by (output started at /Users/jjappinen/Development/servant/backend/core/classes/objects/ServantAction.php:223) in /Users/jjappinen/Development/servant/backend/core/classes/services/ServantMain.php on line 130
[05-Dec-2013 22:06:04 UTC] PHP Warning:  Cannot modify header information - headers already sent by (output started at /Users/jjappinen/Development/servant/backend/core/classes/objects/ServantAction.php:223) in /Users/jjappinen/Development/servant/backend/core/classes/services/ServantMain.php on line 130
[05-Dec-2013 22:06:04 UTC] PHP Warning:  Cannot modify header information - headers already sent by (output started at /Users/jjappinen/Development/servant/backend/core/classes/objects/ServantAction.php:223) in /Users/jjappinen/Development/servant/backend/core/classes/services/ServantMain.php on line 130
[05-Dec-2013 22:06:04 UTC] PHP Warning:  Missing argument 1 for ServantAction::setPage(), called in /Users/jjappinen/Development/servant/backend/core/classes/objects/ServantAction.php on line 50 and defined in /Users/jjappinen/Development/servant/backend/core/classes/objects/ServantAction.php on line 223
[05-Dec-2013 22:06:04 UTC] PHP Warning:  Missing argument 1 for ServantAction::setPage(), called in /Users/jjappinen/Development/servant/backend/core/classes/objects/ServantAction.php on line 50 and defined in /Users/jjappinen/Development/servant/backend/core/classes/objects/ServantAction.php on line 223
[05-Dec-2013 22:06:04 UTC] PHP Warning:  Missing argument 1 for ServantAction::setPage(), called in /Users/jjappinen/Development/servant/backend/core/classes/objects/ServantAction.php on line 50 and defined in /Users/jjappinen/Development/servant/backend/core/classes/objects/ServantAction.php on line 223
[05-Dec-2013 22:06:04 UTC] PHP Warning:  Cannot modify header information - headers already sent by (output started at /Users/jjappinen/Development/servant/backend/core/classes/objects/ServantAction.php:223) in /Users/jjappinen/Development/servant/backend/core/classes/services/ServantMain.php on line 130
[05-Dec-2013 22:06:04 UTC] PHP Warning:  Cannot modify header information - headers already sent by (output started at /Users/jjappinen/Development/servant/backend/core/classes/objects/ServantAction.php:223) in /Users/jjappinen/Development/servant/backend/core/classes/services/ServantMain.php on line 130
[05-Dec-2013 22:06:04 UTC] PHP Warning:  Cannot modify header information - headers already sent by (output started at /Users/jjappinen/Development/servant/backend/core/classes/objects/ServantAction.php:223) in /Users/jjappinen/Development/servant/backend/core/classes/services/ServantMain.php on line 130
[05-Dec-2013 22:06:04 UTC] PHP Warning:  Cannot modify header information - headers already sent by (output started at /Users/jjappinen/Development/servant/backend/core/classes/objects/ServantAction.php:223) in /Users/jjappinen/Development/servant/backend/core/classes/services/ServantMain.php on line 130
[05-Dec-2013 22:06:04 UTC] PHP Warning:  Cannot modify header information - headers already sent by (output started at /Users/jjappinen/Development/servant/backend/core/classes/objects/ServantAction.php:223) in /Users/jjappinen/Development/servant/backend/core/classes/services/ServantMain.php on line 130
[05-Dec-2013 22:06:04 UTC] PHP Warning:  Cannot modify header information - headers already sent by (output started at /Users/jjappinen/Development/servant/backend/core/classes/objects/ServantAction.php:223) in /Users/jjappinen/Development/servant/backend/core/classes/services/ServantMain.php on line 130
[05-Dec-2013 22:06:04 UTC] PHP Warning:  Cannot modify header information - headers already sent by (output started at /Users/jjappinen/Development/servant/backend/core/classes/objects/ServantAction.php:223) in /Users/jjappinen/Development/servant/backend/core/classes/services/ServantMain.php on line 130
[05-Dec-2013 22:06:04 UTC] PHP Warning:  Cannot modify header information - headers already sent by (output started at /Users/jjappinen/Development/servant/backend/core/classes/objects/ServantAction.php:223) in /Users/jjappinen/Development/servant/backend/core/classes/services/ServantMain.php on line 130
[05-Dec-2013 22:06:05 UTC] PHP Warning:  Cannot modify header information - headers already sent by (output started at /Users/jjappinen/Development/servant/backend/core/classes/objects/ServantAction.php:223) in /Users/jjappinen/Development/servant/backend/core/classes/services/ServantMain.php on line 130
[05-Dec-2013 22:06:05 UTC] PHP Warning:  Cannot modify header information - headers already sent by (output started at /Users/jjappinen/Development/servant/backend/core/classes/objects/ServantAction.php:223) in /Users/jjappinen/Development/servant/backend/core/classes/services/ServantMain.php on line 130
[05-Dec-2013 22:06:05 UTC] PHP Warning:  Cannot modify header information - headers already sent by (output started at /Users/jjappinen/Development/servant/backend/core/classes/objects/ServantAction.php:223) in /Users/jjappinen/Development/servant/backend/core/classes/services/ServantMain.php on line 130
[05-Dec-2013 22:06:05 UTC] PHP Warning:  Cannot modify header information - headers already sent by (output started at /Users/jjappinen/Development/servant/backend/core/classes/objects/ServantAction.php:223) in /Users/jjappinen/Development/servant/backend/core/classes/services/ServantMain.php on line 130
[05-Dec-2013 22:06:58 UTC] PHP Warning:  Missing argument 1 for ServantAction::setPage(), called in /Users/jjappinen/Development/servant/backend/core/classes/objects/ServantAction.php on line 50 and defined in /Users/jjappinen/Development/servant/backend/core/classes/objects/ServantAction.php on line 223
[05-Dec-2013 22:06:58 UTC] PHP Warning:  Missing argument 1 for ServantAction::setPage(), called in /Users/jjappinen/Development/servant/backend/core/classes/objects/ServantAction.php on line 50 and defined in /Users/jjappinen/Development/servant/backend/core/classes/objects/ServantAction.php on line 223
[05-Dec-2013 22:06:58 UTC] PHP Warning:  Cannot modify header information - headers already sent by (output started at /Users/jjappinen/Development/servant/backend/core/classes/objects/ServantAction.php:223) in /Users/jjappinen/Development/servant/backend/core/classes/services/ServantMain.php on line 130
[05-Dec-2013 22:06:58 UTC] PHP Warning:  Cannot modify header information - headers already sent by (output started at /Users/jjappinen/Development/servant/backend/core/classes/objects/ServantAction.php:223) in /Users/jjappinen/Development/servant/backend/core/classes/services/ServantMain.php on line 130
[05-Dec-2013 22:06:58 UTC] PHP Warning:  Cannot modify header information - headers already sent by (output started at /Users/jjappinen/Development/servant/backend/core/classes/objects/ServantAction.php:223) in /Users/jjappinen/Development/servant/backend/core/classes/services/ServantMain.php on line 130
[05-Dec-2013 22:06:58 UTC] PHP Warning:  Cannot modify header information - headers already sent by (output started at /Users/jjappinen/Development/servant/backend/core/classes/objects/ServantAction.php:223) in /Users/jjappinen/Development/servant/backend/core/classes/services/ServantMain.php on line 130
[05-Dec-2013 22:06:58 UTC] PHP Warning:  Missing argument 1 for ServantAction::setPage(), called in /Users/jjappinen/Development/servant/backend/core/classes/objects/ServantAction.php on line 50 and defined in /Users/jjappinen/Development/servant/backend/core/classes/objects/ServantAction.php on line 223
[05-Dec-2013 22:06:58 UTC] PHP Warning:  Missing argument 1 for ServantAction::setPage(), called in /Users/jjappinen/Development/servant/backend/core/classes/objects/ServantAction.php on line 50 and defined in /Users/jjappinen/Development/servant/backend/core/classes/objects/ServantAction.php on line 223
[05-Dec-2013 22:06:58 UTC] PHP Warning:  Missing argument 1 for ServantAction::setPage(), called in /Users/jjappinen/Development/servant/backend/core/classes/objects/ServantAction.php on line 50 and defined in /Users/jjappinen/Development/servant/backend/core/classes/objects/ServantAction.php on line 223
[05-Dec-2013 22:06:58 UTC] PHP Warning:  Cannot modify header information - headers already sent by (output started at /Users/jjappinen/Development/servant/backend/core/classes/objects/ServantAction.php:223) in /Users/jjappinen/Development/servant/backend/core/classes/services/ServantMain.php on line 130
[05-Dec-2013 22:06:58 UTC] PHP Warning:  Cannot modify header information - headers already sent by (output started at /Users/jjappinen/Development/servant/backend/core/classes/objects/ServantAction.php:223) in /Users/jjappinen/Development/servant/backend/core/classes/services/ServantMain.php on line 130
[05-Dec-2013 22:06:58 UTC] PHP Warning:  Cannot modify header information - headers already sent by (output started at /Users/jjappinen/Development/servant/backend/core/classes/objects/ServantAction.php:223) in /Users/jjappinen/Development/servant/backend/core/classes/services/ServantMain.php on line 130
[05-Dec-2013 22:06:58 UTC] PHP Warning:  Cannot modify header information - headers already sent by (output started at /Users/jjappinen/Development/servant/backend/core/classes/objects/ServantAction.php:223) in /Users/jjappinen/Development/servant/backend/core/classes/services/ServantMain.php on line 130
[05-Dec-2013 22:06:58 UTC] PHP Warning:  Cannot modify header information - headers already sent by (output started at /Users/jjappinen/Development/servant/backend/core/classes/objects/ServantAction.php:223) in /Users/jjappinen/Development/servant/backend/core/classes/services/ServantMain.php on line 130
[05-Dec-2013 22:06:58 UTC] PHP Warning:  Cannot modify header information - headers already sent by (output started at /Users/jjappinen/Development/servant/backend/core/classes/objects/ServantAction.php:223) in /Users/jjappinen/Development/servant/backend/core/classes/services/ServantMain.php on line 130
[05-Dec-2013 22:06:58 UTC] PHP Warning:  Cannot modify header information - headers already sent by (output started at /Users/jjappinen/Development/servant/backend/core/classes/objects/ServantAction.php:223) in /Users/jjappinen/Development/servant/backend/core/classes/services/ServantMain.php on line 130
[05-Dec-2013 22:06:58 UTC] PHP Warning:  Cannot modify header information - headers already sent by (output started at /Users/jjappinen/Development/servant/backend/core/classes/objects/ServantAction.php:223) in /Users/jjappinen/Development/servant/backend/core/classes/services/ServantMain.php on line 130
[05-Dec-2013 22:06:59 UTC] PHP Warning:  Cannot modify header information - headers already sent by (output started at /Users/jjappinen/Development/servant/backend/core/classes/objects/ServantAction.php:223) in /Users/jjappinen/Development/servant/backend/core/classes/services/ServantMain.php on line 130
[05-Dec-2013 22:06:59 UTC] PHP Warning:  Cannot modify header information - headers already sent by (output started at /Users/jjappinen/Development/servant/backend/core/classes/objects/ServantAction.php:223) in /Users/jjappinen/Development/servant/backend/core/classes/services/ServantMain.php on line 130
[05-Dec-2013 22:06:59 UTC] PHP Warning:  Cannot modify header information - headers already sent by (output started at /Users/jjappinen/Development/servant/backend/core/classes/objects/ServantAction.php:223) in /Users/jjappinen/Development/servant/backend/core/classes/services/ServantMain.php on line 130
[05-Dec-2013 22:06:59 UTC] PHP Warning:  Cannot modify header information - headers already sent by (output started at /Users/jjappinen/Development/servant/backend/core/classes/objects/ServantAction.php:223) in /Users/jjappinen/Development/servant/backend/core/classes/services/ServantMain.php on line 130
[05-Dec-2013 23:04:06 UTC] PHP Fatal error:  Uncaught exception 'Exception' with message 'error action failed to run. (ServantFiles property "input" is missing a setter)' in /Users/jjappinen/Development/servant/backend/core/classes/ServantObject.php:205
Stack trace:
#0 /Users/jjappinen/Development/servant/backend/core/classes/services/ServantMain.php(113): ServantObject->fail('error action fa...')
#1 /Users/jjappinen/Development/servant/backend/index.php(110): ServantMain->response(Array, Array, Array, Array, Array)
#2 [internal function]: Index->run()
#3 /Users/jjappinen/Development/servant/backend/index.php(41): call_user_func(Array)
#4 /Users/jjappinen/Development/servant/backend/index.php(123): Index->__construct('core/debug.php', 'core/errors.php', 'core/helpers/', 'core/classes/', 'paths.php', 'constants/')
#5 {main}
  thrown in /Users/jjappinen/Development/servant/backend/core/classes/ServantObject.php on line 205
[05-Dec-2013 23:08:33 UTC] PHP Fatal error:  Uncaught exception 'Exception' with message 'ServantAction property "page" is missing a setter' in /Users/jjappinen/Development/servant/backend/core/classes/ServantObject.php:205
Stack trace:
#0 /Users/jjappinen/Development/servant/backend/core/classes/ServantObject.php(135): ServantObject->fail('ServantAction p...')
#1 /Users/jjappinen/Development/servant/backend/core/classes/ServantObject.php(281): ServantObject->callSetter('page')
#2 /Users/jjappinen/Development/servant/backend/core/classes/ServantObject.php(58): ServantObject->getAndSet('page', Array)
#3 /Users/jjappinen/Development/servant/backend/core/classes/objects/ServantResponse.php(314): ServantObject->__call('page', Array)
#4 /Users/jjappinen/Development/servant/backend/core/classes/objects/ServantResponse.php(314): ServantAction->page()
#5 /Users/jjappinen/Development/servant/backend/core/classes/objects/ServantResponse.php(203): ServantResponse->basePath('server')
#6 [internal function]: ServantResponse->setExisting()
#7 /Users/jjappinen/Develop in /Users/jjappinen/Development/servant/backend/core/classes/ServantObject.php on line 205
[05-Dec-2013 23:09:49 UTC] PHP Fatal error:  Uncaught exception 'Exception' with message 'ServantAction property "page" is missing a setter' in /Users/jjappinen/Development/servant/backend/core/classes/ServantObject.php:205
Stack trace:
#0 /Users/jjappinen/Development/servant/backend/core/classes/ServantObject.php(135): ServantObject->fail('ServantAction p...')
#1 /Users/jjappinen/Development/servant/backend/core/classes/ServantObject.php(281): ServantObject->callSetter('page')
#2 /Users/jjappinen/Development/servant/backend/core/classes/ServantObject.php(58): ServantObject->getAndSet('page', Array)
#3 /Users/jjappinen/Development/servant/backend/core/classes/objects/ServantResponse.php(314): ServantObject->__call('page', Array)
#4 /Users/jjappinen/Development/servant/backend/core/classes/objects/ServantResponse.php(314): ServantAction->page()
#5 /Users/jjappinen/Development/servant/backend/core/classes/objects/ServantResponse.php(203): ServantResponse->basePath('server')
#6 [internal function]: ServantResponse->setExisting()
#7 /Users/jjappinen/Develop in /Users/jjappinen/Development/servant/backend/core/classes/ServantObject.php on line 205
[05-Dec-2013 23:12:41 UTC] PHP Warning:  implode(): Invalid arguments passed in /Users/jjappinen/Development/servant/backend/core/classes/objects/ServantResponse.php on line 314
[05-Dec-2013 23:12:41 UTC] PHP Warning:  Cannot modify header information - headers already sent by (output started at /Users/jjappinen/Development/servant/backend/core/classes/objects/ServantResponse.php:314) in /Users/jjappinen/Development/servant/backend/core/classes/services/ServantMain.php on line 130
[05-Dec-2013 23:12:41 UTC] PHP Warning:  Cannot modify header information - headers already sent by (output started at /Users/jjappinen/Development/servant/backend/core/classes/objects/ServantResponse.php:314) in /Users/jjappinen/Development/servant/backend/core/classes/services/ServantMain.php on line 130
[05-Dec-2013 23:12:41 UTC] PHP Warning:  Cannot modify header information - headers already sent by (output started at /Users/jjappinen/Development/servant/backend/core/classes/objects/ServantResponse.php:314) in /Users/jjappinen/Development/servant/backend/core/classes/services/ServantMain.php on line 130
[05-Dec-2013 23:12:41 UTC] PHP Warning:  Cannot modify header information - headers already sent by (output started at /Users/jjappinen/Development/servant/backend/core/classes/objects/ServantResponse.php:314) in /Users/jjappinen/Development/servant/backend/core/classes/services/ServantMain.php on line 130
[05-Dec-2013 23:12:41 UTC] PHP Warning:  implode(): Invalid arguments passed in /Users/jjappinen/Development/servant/backend/core/classes/objects/ServantResponse.php on line 314
[05-Dec-2013 23:12:41 UTC] PHP Warning:  Cannot modify header information - headers already sent by (output started at /Users/jjappinen/Development/servant/backend/core/classes/objects/ServantResponse.php:314) in /Users/jjappinen/Development/servant/backend/core/classes/services/ServantMain.php on line 130
[05-Dec-2013 23:12:41 UTC] PHP Warning:  Cannot modify header information - headers already sent by (output started at /Users/jjappinen/Development/servant/backend/core/classes/objects/ServantResponse.php:314) in /Users/jjappinen/Development/servant/backend/core/classes/services/ServantMain.php on line 130
[05-Dec-2013 23:12:41 UTC] PHP Warning:  Cannot modify header information - headers already sent by (output started at /Users/jjappinen/Development/servant/backend/core/classes/objects/ServantResponse.php:314) in /Users/jjappinen/Development/servant/backend/core/classes/services/ServantMain.php on line 130
[05-Dec-2013 23:12:41 UTC] PHP Warning:  Cannot modify header information - headers already sent by (output started at /Users/jjappinen/Development/servant/backend/core/classes/objects/ServantResponse.php:314) in /Users/jjappinen/Development/servant/backend/core/classes/services/ServantMain.php on line 130
[05-Dec-2013 23:12:41 UTC] PHP Warning:  implode(): Invalid arguments passed in /Users/jjappinen/Development/servant/backend/core/classes/objects/ServantResponse.php on line 314
[05-Dec-2013 23:12:41 UTC] PHP Warning:  Cannot modify header information - headers already sent by (output started at /Users/jjappinen/Development/servant/backend/core/classes/objects/ServantResponse.php:314) in /Users/jjappinen/Development/servant/backend/core/classes/services/ServantMain.php on line 130
[05-Dec-2013 23:12:41 UTC] PHP Warning:  Cannot modify header information - headers already sent by (output started at /Users/jjappinen/Development/servant/backend/core/classes/objects/ServantResponse.php:314) in /Users/jjappinen/Development/servant/backend/core/classes/services/ServantMain.php on line 130
[05-Dec-2013 23:12:41 UTC] PHP Warning:  Cannot modify header information - headers already sent by (output started at /Users/jjappinen/Development/servant/backend/core/classes/objects/ServantResponse.php:314) in /Users/jjappinen/Development/servant/backend/core/classes/services/ServantMain.php on line 130
[05-Dec-2013 23:12:41 UTC] PHP Warning:  Cannot modify header information - headers already sent by (output started at /Users/jjappinen/Development/servant/backend/core/classes/objects/ServantResponse.php:314) in /Users/jjappinen/Development/servant/backend/core/classes/services/ServantMain.php on line 130
[05-Dec-2013 23:12:41 UTC] PHP Warning:  implode(): Invalid arguments passed in /Users/jjappinen/Development/servant/backend/core/classes/objects/ServantResponse.php on line 314
[05-Dec-2013 23:12:41 UTC] PHP Warning:  Cannot modify header information - headers already sent by (output started at /Users/jjappinen/Development/servant/backend/core/classes/objects/ServantResponse.php:314) in /Users/jjappinen/Development/servant/backend/core/classes/services/ServantMain.php on line 130
[05-Dec-2013 23:12:41 UTC] PHP Warning:  Cannot modify header information - headers already sent by (output started at /Users/jjappinen/Development/servant/backend/core/classes/objects/ServantResponse.php:314) in /Users/jjappinen/Development/servant/backend/core/classes/services/ServantMain.php on line 130
[05-Dec-2013 23:12:41 UTC] PHP Warning:  Cannot modify header information - headers already sent by (output started at /Users/jjappinen/Development/servant/backend/core/classes/objects/ServantResponse.php:314) in /Users/jjappinen/Development/servant/backend/core/classes/services/ServantMain.php on line 130
[05-Dec-2013 23:12:41 UTC] PHP Warning:  Cannot modify header information - headers already sent by (output started at /Users/jjappinen/Development/servant/backend/core/classes/objects/ServantResponse.php:314) in /Users/jjappinen/Development/servant/backend/core/classes/services/ServantMain.php on line 130
